

Started GET "/" for 127.0.0.1 at 2016-05-20 15:12:35 +1000
  [1m[36mActiveRecord::SchemaMigration Load (3.5ms)[0m  [1mSELECT "schema_migrations".* FROM "schema_migrations"[0m
Processing by HomeController#index as HTML
  Rendered home/index.html.erb within layouts/application (1.5ms)
Completed 200 OK in 1108ms (Views: 1096.4ms | ActiveRecord: 0.0ms)


Started GET "/assets/materialize/initial.self-79f269ead2aeaa809299033919f9128fa0d9700d0248cad0dcd6442ce43dc389.js?body=1" for 127.0.0.1 at 2016-05-20 15:12:37 +1000


Started GET "/assets/materialize/jquery.easing.1.3.self-0170bc905fbddc075a56bdccce1be6a58f3713a14137b607ba9bd9f96fd7835f.js?body=1" for 127.0.0.1 at 2016-05-20 15:12:37 +1000


Started GET "/assets/materialize/hammer.min.self-bf8bdb0953b1a135f96716e362e1f7a8e64168c914fa77ca31973bb70e57a731.js?body=1" for 127.0.0.1 at 2016-05-20 15:12:37 +1000


Started GET "/assets/materialize/jquery.hammer.self-73fd69102f356b9abfc9ee242b19895f62454f42cfcfa1f066be71d2c8f41c7a.js?body=1" for 127.0.0.1 at 2016-05-20 15:12:37 +1000


Started GET "/assets/materialize/animation.self-a1028b0bcf2e26331bedf7b90e81103f0707e69fdec488aa951de94b51987767.js?body=1" for 127.0.0.1 at 2016-05-20 15:12:37 +1000


Started GET "/assets/materialize/velocity.min.self-5adbb81af5c205a959e06198156b4b31fcd57f02c592e3fb096d7b74e8f401a6.js?body=1" for 127.0.0.1 at 2016-05-20 15:12:37 +1000


Started GET "/assets/materialize/global.self-90649deff3358499c5859330da1363eea3e2bef75c80df5940f3894778f95027.js?body=1" for 127.0.0.1 at 2016-05-20 15:12:37 +1000


Started GET "/assets/materialize/collapsible.self-4c13fea644257c8f9384721f7d3bc27bced51754ddf3602b56093e2450a5d9c2.js?body=1" for 127.0.0.1 at 2016-05-20 15:12:37 +1000


Started GET "/assets/materialize/dropdown.self-846e8151c8bb8f7e39464f96bd95d48a37ff9831d8f478b6bdcbd563dd2534f0.js?body=1" for 127.0.0.1 at 2016-05-20 15:12:37 +1000


Started GET "/assets/materialize/leanModal.self-127e920c37478ac94207994c34d28e40b2d44817a0d93176ed325bdbee80863e.js?body=1" for 127.0.0.1 at 2016-05-20 15:12:37 +1000


Started GET "/assets/materialize/materialbox.self-8572736f9d17261189da8a9fc91555d63b29498f4f8665328e28261c7c4cdb68.js?body=1" for 127.0.0.1 at 2016-05-20 15:12:37 +1000


Started GET "/assets/materialize/parallax.self-7ac34f0f3dcef83deee116ea473a2770cec13e07c8e0dcce08cc2372bbe295d3.js?body=1" for 127.0.0.1 at 2016-05-20 15:12:37 +1000


Started GET "/assets/materialize/tabs.self-0eee47c7ae3f1cfcf49b9619bb067eaf4fa75379be3b78469a0120a8bf972bd3.js?body=1" for 127.0.0.1 at 2016-05-20 15:12:37 +1000


Started GET "/assets/materialize/tooltip.self-df3538fd067523c8b7f4d50e060340ec0b551ebaba9733e157c404df9a96a185.js?body=1" for 127.0.0.1 at 2016-05-20 15:12:37 +1000


Started GET "/assets/materialize/waves.self-26e9b9cfaa9ccbc292ed510f654bd279d69695f5337a14c9800b36e92f96735b.js?body=1" for 127.0.0.1 at 2016-05-20 15:12:37 +1000


Started GET "/assets/materialize/toasts.self-1eaa9f33c4c3b83f381997876ba6ac53899a5ca72a6b401708c32625fc553adc.js?body=1" for 127.0.0.1 at 2016-05-20 15:12:37 +1000


Started GET "/assets/materialize/sideNav.self-196d1801e7592bfd857227ce793d1de69b06fb6ca9d908f44f5618c8564a12d0.js?body=1" for 127.0.0.1 at 2016-05-20 15:12:37 +1000


Started GET "/assets/materialize/scrollspy.self-2d0375d44b1d864ecb8e31c25a22c4f3be766284788b0c494ec51df71e2b0e09.js?body=1" for 127.0.0.1 at 2016-05-20 15:12:37 +1000


Started GET "/assets/materialize/forms.self-e70e77c2b9157926587d6cfd009e8e0eedbaf059bdaa9e1bfe27b186b345598b.js?body=1" for 127.0.0.1 at 2016-05-20 15:12:37 +1000


Started GET "/assets/materialize/slider.self-219e35a6b0ade584e951aa0f39fe9856b3ef0e6bb33af123dd4b8ce6757b03cb.js?body=1" for 127.0.0.1 at 2016-05-20 15:12:37 +1000


Started GET "/assets/materialize/cards.self-b1de04b6f5f525d63199f556bb55d5b8bdae7170b91bfcb503958bc8ed10945b.js?body=1" for 127.0.0.1 at 2016-05-20 15:12:37 +1000


Started GET "/assets/materialize/chips.self-9b19ca899ba360746581059852bf2a40b3338402eef9df9a7806efd8578056dd.js?body=1" for 127.0.0.1 at 2016-05-20 15:12:37 +1000


Started GET "/assets/materialize/pushpin.self-101d3fec3225f47ac0da9bd501200d30f92f97f70fb15500c835cb850c962816.js?body=1" for 127.0.0.1 at 2016-05-20 15:12:37 +1000


Started GET "/assets/materialize/transitions.self-c527b205edfdd1f961487c4c7beaf83c335262accb4dff964341a86eb60fd2f2.js?body=1" for 127.0.0.1 at 2016-05-20 15:12:37 +1000


Started GET "/assets/materialize/buttons.self-fc0951c300b1984a00694eabc8c451531be448d646ac073b05e4d2fbf7209302.js?body=1" for 127.0.0.1 at 2016-05-20 15:12:37 +1000


Started GET "/assets/materialize/scrollFire.self-9fb128253d776689dfe2091470e36d2e94c13c6340700135ee679aa20148dffd.js?body=1" for 127.0.0.1 at 2016-05-20 15:12:37 +1000


Started GET "/assets/materialize/date_picker/picker.self-7a9d1216fe1172f8e8fd78fb86cfd4da25c909ebd6983cba5da20817d437d92b.js?body=1" for 127.0.0.1 at 2016-05-20 15:12:37 +1000


Started GET "/assets/materialize/date_picker/picker.date.self-5924b278beda2df8570f137f72b37e2d0f516acbc11a0994d1abb74380f078ef.js?body=1" for 127.0.0.1 at 2016-05-20 15:12:37 +1000


Started GET "/assets/materialize/character_counter.self-8bb854e15067a96db5bff6896d1d9435e4df83cf5bf6877a1d606940661d2588.js?body=1" for 127.0.0.1 at 2016-05-20 15:12:37 +1000


Started GET "/assets/materialize/carousel.self-6f3b9002af3ab4d871a03a44d2e174370720ab31f19a4ee543c1904c32e2befa.js?body=1" for 127.0.0.1 at 2016-05-20 15:12:37 +1000


Started GET "/assets/materialize-sprockets.self-4691589913babdfbd3fb736895105a8e826d4abde842e6d1e8dd2d188e255bc7.js?body=1" for 127.0.0.1 at 2016-05-20 15:12:37 +1000


Started GET "/assets/application.self-f8806224e027f3e3f0138ea9ce99319e298dfdb323304d1f1be6eae8e8c74724.js?body=1" for 127.0.0.1 at 2016-05-20 15:12:37 +1000


Started GET "/events" for 127.0.0.1 at 2016-05-20 15:12:42 +1000
Processing by EventsController#index as HTML
  Rendered events/index.html.erb within layouts/application (0.5ms)
Completed 200 OK in 80ms (Views: 64.1ms | ActiveRecord: 0.0ms)


Started GET "/events/show" for 127.0.0.1 at 2016-05-20 15:12:49 +1000
Processing by EventsController#show as HTML
  Parameters: {"id"=>"show"}
  [1m[35mEvent Load (0.7ms)[0m  SELECT  "events".* FROM "events" WHERE "events"."id" = $1 LIMIT 1  [["id", 0]]
Completed 404 Not Found in 16ms (ActiveRecord: 5.7ms)

ActiveRecord::RecordNotFound (Couldn't find Event with 'id'=show):
  app/controllers/events_controller.rb:7:in `show'


  Rendered /Users/Katy/.rvm/gems/ruby-2.2.2/gems/actionpack-4.2.6/lib/action_dispatch/middleware/templates/rescues/_source.erb (4.9ms)
  Rendered /Users/Katy/.rvm/gems/ruby-2.2.2/gems/actionpack-4.2.6/lib/action_dispatch/middleware/templates/rescues/_trace.html.erb (2.4ms)
  Rendered /Users/Katy/.rvm/gems/ruby-2.2.2/gems/actionpack-4.2.6/lib/action_dispatch/middleware/templates/rescues/_request_and_response.html.erb (1.7ms)
  Rendered /Users/Katy/.rvm/gems/ruby-2.2.2/gems/actionpack-4.2.6/lib/action_dispatch/middleware/templates/rescues/diagnostics.html.erb within rescues/layout (58.6ms)
  Rendered /Users/Katy/.rvm/gems/ruby-2.2.2/gems/web-console-2.3.0/lib/web_console/templates/_markup.html.erb (0.6ms)
  Rendered /Users/Katy/.rvm/gems/ruby-2.2.2/gems/web-console-2.3.0/lib/web_console/templates/_inner_console_markup.html.erb within layouts/inlined_string (0.4ms)
  Rendered /Users/Katy/.rvm/gems/ruby-2.2.2/gems/web-console-2.3.0/lib/web_console/templates/_prompt_box_markup.html.erb within layouts/inlined_string (0.3ms)
  Rendered /Users/Katy/.rvm/gems/ruby-2.2.2/gems/web-console-2.3.0/lib/web_console/templates/style.css.erb within layouts/inlined_string (0.4ms)
  Rendered /Users/Katy/.rvm/gems/ruby-2.2.2/gems/web-console-2.3.0/lib/web_console/templates/console.js.erb within layouts/javascript (61.9ms)
  Rendered /Users/Katy/.rvm/gems/ruby-2.2.2/gems/web-console-2.3.0/lib/web_console/templates/main.js.erb within layouts/javascript (0.3ms)
  Rendered /Users/Katy/.rvm/gems/ruby-2.2.2/gems/web-console-2.3.0/lib/web_console/templates/error_page.js.erb within layouts/javascript (0.4ms)
  Rendered /Users/Katy/.rvm/gems/ruby-2.2.2/gems/web-console-2.3.0/lib/web_console/templates/index.html.erb (124.1ms)
  [1m[36mActiveRecord::SchemaMigration Load (0.4ms)[0m  [1mSELECT "schema_migrations".* FROM "schema_migrations"[0m
  [1m[35m (0.1ms)[0m  BEGIN
  [1m[36mSQL (0.6ms)[0m  [1mINSERT INTO "events" ("name", "time", "presenter", "description", "sponsor", "stream", "created_at", "updated_at") VALUES ($1, $2, $3, $4, $5, $6, $7, $8) RETURNING "id"[0m  [["name", "Javascript - Understanding the weird parts"], ["time", "4th of June // 9.30am"], ["presenter", "Douglas Crockford"], ["description", "The famous Javascript programmer and published author Douglas Crockford reveals his most hated parts of popular programming language and tells his secret to overcome these. He also argues why Javascript still remains as the most useful programming language in the future."], ["sponsor", "Zendesk"], ["stream", "hacker"], ["created_at", "2016-05-20 05:13:16.207945"], ["updated_at", "2016-05-20 05:13:16.207945"]]
  [1m[35m (1.5ms)[0m  COMMIT
  [1m[36m (0.1ms)[0m  [1mBEGIN[0m
  [1m[35mSQL (0.3ms)[0m  INSERT INTO "events" ("name", "time", "presenter", "description", "sponsor", "stream", "created_at", "updated_at") VALUES ($1, $2, $3, $4, $5, $6, $7, $8) RETURNING "id"  [["name", "Why I rather communicate with computers than humans"], ["time", "4th of June // 11.30am"], ["presenter", "Linus Torvalds"], ["description", "Creator of Linux talks about his journey on how he created Linux and why communicating with computers is the most powerful way to communicate."], ["sponsor", "Deloitte"], ["stream", "hacker"], ["created_at", "2016-05-20 05:13:16.215533"], ["updated_at", "2016-05-20 05:13:16.215533"]]
  [1m[36m (0.4ms)[0m  [1mCOMMIT[0m
  [1m[35m (0.1ms)[0m  BEGIN
  [1m[36mSQL (0.3ms)[0m  [1mINSERT INTO "events" ("name", "time", "presenter", "description", "sponsor", "stream", "created_at", "updated_at") VALUES ($1, $2, $3, $4, $5, $6, $7, $8) RETURNING "id"[0m  [["name", "How to rock your own programming language"], ["time", "4th of June // 14.30pm"], ["presenter", "Yukihiro Matsumoto"], ["description", "The creator of the famous programming language Ruby shares his secrets on how to create your own programming language that becomes world-known. He explains the basics of smooth and global way to program as well as the secrets of a powerful framework."], ["sponsor", "General Assembly"], ["stream", "hacker"], ["created_at", "2016-05-20 05:13:16.217958"], ["updated_at", "2016-05-20 05:13:16.217958"]]
  [1m[35m (0.3ms)[0m  COMMIT
  [1m[36m (0.1ms)[0m  [1mBEGIN[0m
  [1m[35mSQL (0.3ms)[0m  INSERT INTO "events" ("name", "time", "presenter", "description", "sponsor", "stream", "created_at", "updated_at") VALUES ($1, $2, $3, $4, $5, $6, $7, $8) RETURNING "id"  [["name", "Keeping that plane in the air - How to code safely in risky industries"], ["time", "4th of June // 16.00pm"], ["presenter", "Leanna Rierson"], ["description", "The aviation security expert Leanna Rierson talks about the importance of coding when working in risky-prone industries and how to minimize bugs when there are human lives in the game"], ["sponsor", "General Assembly"], ["stream", "hacker"], ["created_at", "2016-05-20 05:13:16.220393"], ["updated_at", "2016-05-20 05:13:16.220393"]]
  [1m[36m (0.3ms)[0m  [1mCOMMIT[0m
  [1m[35m (0.1ms)[0m  BEGIN
  [1m[36mSQL (0.3ms)[0m  [1mINSERT INTO "events" ("name", "time", "presenter", "description", "sponsor", "stream", "created_at", "updated_at") VALUES ($1, $2, $3, $4, $5, $6, $7, $8) RETURNING "id"[0m  [["name", "Uber: Why disruption changes the tech industry"], ["time", "4th of June // 9.00am"], ["presenter", "Travis Calanik"], ["description", "CEO of Uber talks about a global business and why disruption has became the buzzword of the industry. He gives practical advice on how to mix something already invented in a new creative way."], ["sponsor", "General Assembly"], ["stream", "hustler"], ["created_at", "2016-05-20 05:13:16.222687"], ["updated_at", "2016-05-20 05:13:16.222687"]]
  [1m[35m (0.4ms)[0m  COMMIT
  [1m[36m (0.1ms)[0m  [1mBEGIN[0m
  [1m[35mSQL (0.3ms)[0m  INSERT INTO "events" ("name", "time", "presenter", "description", "sponsor", "stream", "created_at", "updated_at") VALUES ($1, $2, $3, $4, $5, $6, $7, $8) RETURNING "id"  [["name", "Why diversity matters in programming"], ["time", "4th of June // 10.30am"], ["presenter", "Reshma Saujani"], ["description", "The founder of Women who code tells why it means to have more women in the industry and what differs women programmer from a male one. Whe gives practical advice for companies to make their work environment as diverse as possible to maximise business goals."], ["sponsor", "Women Who Code"], ["stream", "hustler"], ["created_at", "2016-05-20 05:13:16.225051"], ["updated_at", "2016-05-20 05:13:16.225051"]]
  [1m[36m (0.3ms)[0m  [1mCOMMIT[0m
  [1m[35m (0.1ms)[0m  BEGIN
  [1m[36mSQL (0.2ms)[0m  [1mINSERT INTO "events" ("name", "time", "presenter", "description", "sponsor", "stream", "created_at", "updated_at") VALUES ($1, $2, $3, $4, $5, $6, $7, $8) RETURNING "id"[0m  [["name", "What matters during the first weeks after launching a startup"], ["time", "4th of June // 14.30am"], ["presenter", "Jake Schwartz"], ["description", "Co-Founder of General Assembly tells a story behind the worldwide startup community and tech hub and how it started as a creative co-working space. He also emphasizes the power of global communities in tech industry."], ["sponsor", "General Assembly"], ["stream", "hustler"], ["created_at", "2016-05-20 05:13:16.227049"], ["updated_at", "2016-05-20 05:13:16.227049"]]
  [1m[35m (0.3ms)[0m  COMMIT
  [1m[36m (0.1ms)[0m  [1mBEGIN[0m
  [1m[35mSQL (0.2ms)[0m  INSERT INTO "events" ("name", "time", "presenter", "description", "sponsor", "stream", "created_at", "updated_at") VALUES ($1, $2, $3, $4, $5, $6, $7, $8) RETURNING "id"  [["name", "Why we should love CSS - and what's next"], ["time", "4th of June // 9.30am"], ["presenter", "Hampton Catlin"], ["description", "Famous CSS-expert shares his secret to less-hateable CSS and how to fall in love with responsiveness. He also shares his idea what will be the next trends in Front-End development."], ["sponsor", "Envato"], ["stream", "hipster"], ["created_at", "2016-05-20 05:13:16.228826"], ["updated_at", "2016-05-20 05:13:16.228826"]]
  [1m[36m (0.3ms)[0m  [1mCOMMIT[0m
  [1m[35m (0.1ms)[0m  BEGIN
  [1m[36mSQL (0.2ms)[0m  [1mINSERT INTO "events" ("name", "time", "presenter", "description", "sponsor", "stream", "created_at", "updated_at") VALUES ($1, $2, $3, $4, $5, $6, $7, $8) RETURNING "id"[0m  [["name", "Why we need to think coding like children"], ["time", "4th of June // 11.30am"], ["presenter", "Linda Liukas"], ["description", "Writer of the famous children's book to learn coding - Linda Liukas - reveals her vision on how adults should think coding as children and why it is important to teach coding to our kids."], ["sponsor", "General Assembly"], ["stream", "hipster"], ["created_at", "2016-05-20 05:13:16.230601"], ["updated_at", "2016-05-20 05:13:16.230601"]]
  [1m[35m (0.3ms)[0m  COMMIT
  [1m[36m (0.1ms)[0m  [1mBEGIN[0m
  [1m[35mSQL (0.2ms)[0m  INSERT INTO "events" ("name", "time", "presenter", "description", "sponsor", "stream", "created_at", "updated_at") VALUES ($1, $2, $3, $4, $5, $6, $7, $8) RETURNING "id"  [["name", "The challenge of millon devices - How to control your layout in one step"], ["time", "4th of June // 14.30pm"], ["presenter", "Jon Duckett"], ["description", "The world-known Front-End specialist Jon Duckett gives advice how to handle your layout in the world of million different gadgets and what is the easiest way to make a layout responsive and functioning in different browsers and screens."], ["sponsor", "General Assembly"], ["stream", "hipster"], ["created_at", "2016-05-20 05:13:16.232389"], ["updated_at", "2016-05-20 05:13:16.232389"]]
  [1m[36m (0.8ms)[0m  [1mCOMMIT[0m
  [1m[35m (0.1ms)[0m  BEGIN
  [1m[36mSQL (0.2ms)[0m  [1mINSERT INTO "events" ("name", "time", "presenter", "description", "sponsor", "stream", "created_at", "updated_at") VALUES ($1, $2, $3, $4, $5, $6, $7, $8) RETURNING "id"[0m  [["name", "Why virtual reality drives social change"], ["time", "4th of June // 16.30pm"], ["presenter", "John D. Carmack"], ["description", "The CTO of Oculus gives a keynote on how virtual reality will drive social change in the future and how it will change our everyday lives all around the world."], ["sponsor", "REA"], ["stream", "hipster"], ["created_at", "2016-05-20 05:13:16.235539"], ["updated_at", "2016-05-20 05:13:16.235539"]]
  [1m[35m (0.3ms)[0m  COMMIT


Started GET "/events" for 127.0.0.1 at 2016-05-20 15:13:22 +1000
Processing by EventsController#index as HTML
  Rendered events/index.html.erb within layouts/application (0.1ms)
Completed 200 OK in 99ms (Views: 98.8ms | ActiveRecord: 0.0ms)


Started GET "/events" for 127.0.0.1 at 2016-05-20 15:13:41 +1000
  [1m[36mActiveRecord::SchemaMigration Load (0.5ms)[0m  [1mSELECT "schema_migrations".* FROM "schema_migrations"[0m
Processing by EventsController#index as HTML
  Rendered events/index.html.erb within layouts/application (1.4ms)
Completed 200 OK in 404ms (Views: 385.6ms | ActiveRecord: 0.0ms)


Started GET "/" for 127.0.0.1 at 2016-05-20 15:13:45 +1000
Processing by HomeController#index as HTML
  Rendered home/index.html.erb within layouts/application (0.5ms)
Completed 200 OK in 95ms (Views: 94.1ms | ActiveRecord: 0.0ms)
  [1m[36m (0.2ms)[0m  [1mBEGIN[0m
  [1m[35mSQL (1.1ms)[0m  INSERT INTO "types" ("created_at", "updated_at") VALUES ($1, $2) RETURNING "id"  [["created_at", "2016-05-20 05:20:33.349967"], ["updated_at", "2016-05-20 05:20:33.349967"]]
  [1m[36m (0.8ms)[0m  [1mCOMMIT[0m
  [1m[35m (0.2ms)[0m  BEGIN
  [1m[36mSQL (0.5ms)[0m  [1mINSERT INTO "events" ("created_at", "updated_at") VALUES ($1, $2) RETURNING "id"[0m  [["created_at", "2016-05-20 05:20:50.026169"], ["updated_at", "2016-05-20 05:20:50.026169"]]
  [1m[35m (1.1ms)[0m  COMMIT
  [1m[36mActiveRecord::SchemaMigration Load (0.4ms)[0m  [1mSELECT "schema_migrations".* FROM "schema_migrations"[0m
  [1m[35mActiveRecord::SchemaMigration Load (0.2ms)[0m  SELECT "schema_migrations".* FROM "schema_migrations"
  [1m[36m (4.1ms)[0m  [1mSELECT t2.oid::regclass::text AS to_table, a1.attname AS column, a2.attname AS primary_key, c.conname AS name, c.confupdtype AS on_update, c.confdeltype AS on_delete
FROM pg_constraint c
JOIN pg_class t1 ON c.conrelid = t1.oid
JOIN pg_class t2 ON c.confrelid = t2.oid
JOIN pg_attribute a1 ON a1.attnum = c.conkey[1] AND a1.attrelid = t1.oid
JOIN pg_attribute a2 ON a2.attnum = c.confkey[1] AND a2.attrelid = t2.oid
JOIN pg_namespace t3 ON c.connamespace = t3.oid
WHERE c.contype = 'f'
  AND t1.relname = 'event_users'
  AND t3.nspname = ANY (current_schemas(false))
ORDER BY c.conname
[0m
  [1m[35m (3.4ms)[0m  SELECT t2.oid::regclass::text AS to_table, a1.attname AS column, a2.attname AS primary_key, c.conname AS name, c.confupdtype AS on_update, c.confdeltype AS on_delete
FROM pg_constraint c
JOIN pg_class t1 ON c.conrelid = t1.oid
JOIN pg_class t2 ON c.confrelid = t2.oid
JOIN pg_attribute a1 ON a1.attnum = c.conkey[1] AND a1.attrelid = t1.oid
JOIN pg_attribute a2 ON a2.attnum = c.confkey[1] AND a2.attrelid = t2.oid
JOIN pg_namespace t3 ON c.connamespace = t3.oid
WHERE c.contype = 'f'
  AND t1.relname = 'events'
  AND t3.nspname = ANY (current_schemas(false))
ORDER BY c.conname

  [1m[36m (3.7ms)[0m  [1mSELECT t2.oid::regclass::text AS to_table, a1.attname AS column, a2.attname AS primary_key, c.conname AS name, c.confupdtype AS on_update, c.confdeltype AS on_delete
FROM pg_constraint c
JOIN pg_class t1 ON c.conrelid = t1.oid
JOIN pg_class t2 ON c.confrelid = t2.oid
JOIN pg_attribute a1 ON a1.attnum = c.conkey[1] AND a1.attrelid = t1.oid
JOIN pg_attribute a2 ON a2.attnum = c.confkey[1] AND a2.attrelid = t2.oid
JOIN pg_namespace t3 ON c.connamespace = t3.oid
WHERE c.contype = 'f'
  AND t1.relname = 'matches'
  AND t3.nspname = ANY (current_schemas(false))
ORDER BY c.conname
[0m
  [1m[35m (3.8ms)[0m  SELECT t2.oid::regclass::text AS to_table, a1.attname AS column, a2.attname AS primary_key, c.conname AS name, c.confupdtype AS on_update, c.confdeltype AS on_delete
FROM pg_constraint c
JOIN pg_class t1 ON c.conrelid = t1.oid
JOIN pg_class t2 ON c.confrelid = t2.oid
JOIN pg_attribute a1 ON a1.attnum = c.conkey[1] AND a1.attrelid = t1.oid
JOIN pg_attribute a2 ON a2.attnum = c.confkey[1] AND a2.attrelid = t2.oid
JOIN pg_namespace t3 ON c.connamespace = t3.oid
WHERE c.contype = 'f'
  AND t1.relname = 'types'
  AND t3.nspname = ANY (current_schemas(false))
ORDER BY c.conname

  [1m[36m (4.5ms)[0m  [1mSELECT t2.oid::regclass::text AS to_table, a1.attname AS column, a2.attname AS primary_key, c.conname AS name, c.confupdtype AS on_update, c.confdeltype AS on_delete
FROM pg_constraint c
JOIN pg_class t1 ON c.conrelid = t1.oid
JOIN pg_class t2 ON c.confrelid = t2.oid
JOIN pg_attribute a1 ON a1.attnum = c.conkey[1] AND a1.attrelid = t1.oid
JOIN pg_attribute a2 ON a2.attnum = c.confkey[1] AND a2.attrelid = t2.oid
JOIN pg_namespace t3 ON c.connamespace = t3.oid
WHERE c.contype = 'f'
  AND t1.relname = 'users'
  AND t3.nspname = ANY (current_schemas(false))
ORDER BY c.conname
[0m
  [1m[36m (0.2ms)[0m  [1mBEGIN[0m
  [1m[35mSQL (0.6ms)[0m  INSERT INTO "types" ("created_at", "updated_at") VALUES ($1, $2) RETURNING "id"  [["created_at", "2016-05-20 05:22:02.777293"], ["updated_at", "2016-05-20 05:22:02.777293"]]
  [1m[36m (0.5ms)[0m  [1mCOMMIT[0m
  [1m[35m (0.2ms)[0m  BEGIN
  [1m[36mSQL (0.4ms)[0m  [1mINSERT INTO "events" ("created_at", "updated_at") VALUES ($1, $2) RETURNING "id"[0m  [["created_at", "2016-05-20 05:22:10.158590"], ["updated_at", "2016-05-20 05:22:10.158590"]]
  [1m[35m (1.0ms)[0m  COMMIT
